[debug] [2020-07-03T18:21:50.940Z] ----------------------------------------------------------------------
[debug] [2020-07-03T18:21:50.943Z] Command:       /usr/local/bin/firebase /Users/liuwenxuan/.cache/firebase/tools/lib/node_modules/firebase-tools/lib/bin/firebase emulators:start
[debug] [2020-07-03T18:21:50.944Z] CLI Version:   8.4.3
[debug] [2020-07-03T18:21:50.944Z] Platform:      darwin
[debug] [2020-07-03T18:21:50.944Z] Node Version:  v12.16.1
[debug] [2020-07-03T18:21:50.945Z] Time:          Fri Jul 03 2020 14:21:50 GMT-0400 (Eastern Daylight Time)
[debug] [2020-07-03T18:21:50.945Z] ----------------------------------------------------------------------
[debug] [2020-07-03T18:21:50.945Z] 
[debug] [2020-07-03T18:21:50.954Z] > command requires scopes: ["email","openid","https://www.googleapis.com/auth/cloudplatformprojects.readonly","https://www.googleapis.com/auth/firebase","https://www.googleapis.com/auth/cloud-platform"]
[debug] [2020-07-03T18:21:50.954Z] > authorizing via signed-in user
[info] i  emulators: Starting emulators: functions, hosting {"metadata":{"emulator":{"name":"hub"},"message":"Starting emulators: functions, hosting"}}
[debug] [2020-07-03T18:21:50.968Z] [hub] writing locator at /var/folders/jb/9lggqr5x1sxcsz1q6sz7kbg80000gn/T/hub-tnt-erp.json
[warn] ⚠  Your requested "node" version "8" doesn't match your global version "12" {"metadata":{"emulator":{"name":"functions"},"message":"Your requested \"node\" version \"8\" doesn't match your global version \"12\""}}
[debug] [2020-07-03T18:21:50.989Z] >>> HTTP REQUEST GET https://firebase.googleapis.com/v1beta1/projects/tnt-erp/webApps/-/config  
 
[debug] [2020-07-03T18:21:52.125Z] <<< HTTP RESPONSE 200 {"content-type":"application/json; charset=UTF-8","vary":"X-Origin, Referer, Origin,Accept-Encoding","date":"Fri, 03 Jul 2020 18:21:52 GMT","server":"ESF","cache-control":"private","x-xss-protection":"0","x-frame-options":"SAMEORIGIN","x-content-type-options":"nosniff","alt-svc":"h3-29=\":443\"; ma=2592000,h3-27=\":443\"; ma=2592000,h3-25=\":443\"; ma=2592000,h3-T050=\":443\"; ma=2592000,h3-Q050=\":443\"; ma=2592000,h3-Q046=\":443\"; ma=2592000,h3-Q043=\":443\"; ma=2592000,quic=\":443\"; ma=2592000; v=\"46,43\"","accept-ranges":"none","transfer-encoding":"chunked"}
[info] i  hosting: Serving hosting files from: build {"metadata":{"emulator":{"name":"hosting"},"message":"Serving hosting files from: \u001b[1mbuild\u001b[22m"}}
[info] ✔  hosting: Local server: http://localhost:5000 {"metadata":{"emulator":{"name":"hosting"},"message":"Local server: \u001b[4m\u001b[1mhttp://localhost:5000\u001b[22m\u001b[24m"}}
[debug] [2020-07-03T18:21:52.421Z] Ignoring unsupported arg: auto_download {"metadata":{"emulator":{"name":"ui"},"message":"Ignoring unsupported arg: auto_download"}}
[debug] [2020-07-03T18:21:52.422Z] Ignoring unsupported arg: port {"metadata":{"emulator":{"name":"ui"},"message":"Ignoring unsupported arg: port"}}
[debug] [2020-07-03T18:21:52.422Z] Starting Emulator UI with command {"binary":"node","args":["/Users/liuwenxuan/.cache/firebase/emulators/ui-v1.1.0/server.bundle.js"],"optionalArgs":[],"joinArgs":false} {"metadata":{"emulator":{"name":"ui"},"message":"Starting Emulator UI with command {\"binary\":\"node\",\"args\":[\"/Users/liuwenxuan/.cache/firebase/emulators/ui-v1.1.0/server.bundle.js\"],\"optionalArgs\":[],\"joinArgs\":false}"}}
[info] i  ui: Emulator UI logging to ui-debug.log {"metadata":{"emulator":{"name":"ui"},"message":"Emulator UI logging to \u001b[1mui-debug.log\u001b[22m"}}
[debug] [2020-07-03T18:21:52.604Z] Web / API server started at http://localhost:4000
 {"metadata":{"emulator":{"name":"ui"},"message":"Web / API server started at http://localhost:4000\n"}}
[info] i  functions: Watching "/Users/liuwenxuan/Workspace/TnT-ERP/functions" for Cloud Functions... {"metadata":{"emulator":{"name":"functions"},"message":"Watching \"/Users/liuwenxuan/Workspace/TnT-ERP/functions\" for Cloud Functions..."}}
[debug] [2020-07-03T18:21:52.698Z] [worker-pool] addWorker(~diagnostic~) {"metadata":{"emulator":{"name":"functions"},"message":"[worker-pool] addWorker(~diagnostic~)"}}
[debug] [2020-07-03T18:21:52.698Z] [worker-pool] Adding worker with key ~diagnostic~, total=1 {"metadata":{"emulator":{"name":"functions"},"message":"[worker-pool] Adding worker with key ~diagnostic~, total=1"}}
[debug] [2020-07-03T18:21:52.698Z] [worker-pool] submitWork(triggerId=) {"metadata":{"emulator":{"name":"functions"},"message":"[worker-pool] submitWork(triggerId=)"}}
[debug] [2020-07-03T18:21:52.699Z] [worker-~diagnostic~-27a7260d-a5e3-47a2-9a0f-23c2584557f8]: Assigning socketPath: /var/folders/jb/9lggqr5x1sxcsz1q6sz7kbg80000gn/T/fire_emu_93103.sock {"metadata":{"emulator":{"name":"functions"},"message":"[worker-~diagnostic~-27a7260d-a5e3-47a2-9a0f-23c2584557f8]: Assigning socketPath: /var/folders/jb/9lggqr5x1sxcsz1q6sz7kbg80000gn/T/fire_emu_93103.sock"}}
[debug] [2020-07-03T18:21:52.699Z] [worker-~diagnostic~-27a7260d-a5e3-47a2-9a0f-23c2584557f8]: BUSY {"metadata":{"emulator":{"name":"functions"},"message":"[worker-~diagnostic~-27a7260d-a5e3-47a2-9a0f-23c2584557f8]: BUSY"}}
[debug] [2020-07-03T18:21:53.026Z] [runtime-status] [93103] Functions runtime initialized. {"cwd":"/Users/liuwenxuan/Workspace/TnT-ERP/functions","node_version":"12.16.1"} {"metadata":{"emulator":{"name":"functions"},"message":"[runtime-status] [93103] Functions runtime initialized. {\"cwd\":\"/Users/liuwenxuan/Workspace/TnT-ERP/functions\",\"node_version\":\"12.16.1\"}"}}
[debug] [2020-07-03T18:21:53.027Z] [runtime-status] [93103] Disabled runtime features: undefined {"metadata":{"emulator":{"name":"functions"},"message":"[runtime-status] [93103] Disabled runtime features: undefined"}}
[debug] [2020-07-03T18:21:53.031Z] [runtime-status] [93103] Resolved module firebase-admin {"declared":true,"installed":true,"version":"8.12.1","resolution":"/Users/liuwenxuan/Workspace/TnT-ERP/functions/node_modules/firebase-admin/lib/index.js"} {"metadata":{"emulator":{"name":"functions"},"message":"[runtime-status] [93103] Resolved module firebase-admin {\"declared\":true,\"installed\":true,\"version\":\"8.12.1\",\"resolution\":\"/Users/liuwenxuan/Workspace/TnT-ERP/functions/node_modules/firebase-admin/lib/index.js\"}"}}
[debug] [2020-07-03T18:21:53.041Z] [runtime-status] [93103] Resolved module firebase-functions {"declared":true,"installed":true,"version":"3.7.0","resolution":"/Users/liuwenxuan/Workspace/TnT-ERP/functions/node_modules/firebase-functions/lib/index.js"} {"metadata":{"emulator":{"name":"functions"},"message":"[runtime-status] [93103] Resolved module firebase-functions {\"declared\":true,\"installed\":true,\"version\":\"3.7.0\",\"resolution\":\"/Users/liuwenxuan/Workspace/TnT-ERP/functions/node_modules/firebase-functions/lib/index.js\"}"}}
[debug] [2020-07-03T18:21:53.043Z] [runtime-status] [93103] Outgoing network have been stubbed. [{"name":"http","status":"mocked"},{"name":"http","status":"mocked"},{"name":"https","status":"mocked"},{"name":"https","status":"mocked"},{"name":"net","status":"mocked"}] {"metadata":{"emulator":{"name":"functions"},"message":"[runtime-status] [93103] Outgoing network have been stubbed. [{\"name\":\"http\",\"status\":\"mocked\"},{\"name\":\"http\",\"status\":\"mocked\"},{\"name\":\"https\",\"status\":\"mocked\"},{\"name\":\"https\",\"status\":\"mocked\"},{\"name\":\"net\",\"status\":\"mocked\"}]"}}
[debug] [2020-07-03T18:21:53.043Z] [runtime-status] [93103] Resolved module firebase-functions {"declared":true,"installed":true,"version":"3.7.0","resolution":"/Users/liuwenxuan/Workspace/TnT-ERP/functions/node_modules/firebase-functions/lib/index.js"} {"metadata":{"emulator":{"name":"functions"},"message":"[runtime-status] [93103] Resolved module firebase-functions {\"declared\":true,\"installed\":true,\"version\":\"3.7.0\",\"resolution\":\"/Users/liuwenxuan/Workspace/TnT-ERP/functions/node_modules/firebase-functions/lib/index.js\"}"}}
[debug] [2020-07-03T18:21:53.180Z] [runtime-status] [93103] Checked functions.config() {"config":{}} {"metadata":{"emulator":{"name":"functions"},"message":"[runtime-status] [93103] Checked functions.config() {\"config\":{}}"}}
[debug] [2020-07-03T18:21:53.180Z] [runtime-status] [93103] firebase-functions has been stubbed. {"functionsResolution":{"declared":true,"installed":true,"version":"3.7.0","resolution":"/Users/liuwenxuan/Workspace/TnT-ERP/functions/node_modules/firebase-functions/lib/index.js"}} {"metadata":{"emulator":{"name":"functions"},"message":"[runtime-status] [93103] firebase-functions has been stubbed. {\"functionsResolution\":{\"declared\":true,\"installed\":true,\"version\":\"3.7.0\",\"resolution\":\"/Users/liuwenxuan/Workspace/TnT-ERP/functions/node_modules/firebase-functions/lib/index.js\"}}"}}
[debug] [2020-07-03T18:21:53.181Z] [runtime-status] [93103] Resolved module firebase-functions {"declared":true,"installed":true,"version":"3.7.0","resolution":"/Users/liuwenxuan/Workspace/TnT-ERP/functions/node_modules/firebase-functions/lib/index.js"} {"metadata":{"emulator":{"name":"functions"},"message":"[runtime-status] [93103] Resolved module firebase-functions {\"declared\":true,\"installed\":true,\"version\":\"3.7.0\",\"resolution\":\"/Users/liuwenxuan/Workspace/TnT-ERP/functions/node_modules/firebase-functions/lib/index.js\"}"}}
[debug] [2020-07-03T18:21:53.182Z] [runtime-status] [93103] Resolved module firebase-admin {"declared":true,"installed":true,"version":"8.12.1","resolution":"/Users/liuwenxuan/Workspace/TnT-ERP/functions/node_modules/firebase-admin/lib/index.js"} {"metadata":{"emulator":{"name":"functions"},"message":"[runtime-status] [93103] Resolved module firebase-admin {\"declared\":true,\"installed\":true,\"version\":\"8.12.1\",\"resolution\":\"/Users/liuwenxuan/Workspace/TnT-ERP/functions/node_modules/firebase-admin/lib/index.js\"}"}}
[debug] [2020-07-03T18:21:53.182Z] [runtime-status] [93103] Resolved module firebase-functions {"declared":true,"installed":true,"version":"3.7.0","resolution":"/Users/liuwenxuan/Workspace/TnT-ERP/functions/node_modules/firebase-functions/lib/index.js"} {"metadata":{"emulator":{"name":"functions"},"message":"[runtime-status] [93103] Resolved module firebase-functions {\"declared\":true,\"installed\":true,\"version\":\"3.7.0\",\"resolution\":\"/Users/liuwenxuan/Workspace/TnT-ERP/functions/node_modules/firebase-functions/lib/index.js\"}"}}
[debug] [2020-07-03T18:21:53.182Z] [runtime-status] [93103] firebase-admin has been stubbed. {"adminResolution":{"declared":true,"installed":true,"version":"8.12.1","resolution":"/Users/liuwenxuan/Workspace/TnT-ERP/functions/node_modules/firebase-admin/lib/index.js"}} {"metadata":{"emulator":{"name":"functions"},"message":"[runtime-status] [93103] firebase-admin has been stubbed. {\"adminResolution\":{\"declared\":true,\"installed\":true,\"version\":\"8.12.1\",\"resolution\":\"/Users/liuwenxuan/Workspace/TnT-ERP/functions/node_modules/firebase-admin/lib/index.js\"}}"}}
[debug] [2020-07-03T18:21:54.241Z] [worker-~diagnostic~-27a7260d-a5e3-47a2-9a0f-23c2584557f8]: IDLE {"metadata":{"emulator":{"name":"functions"},"message":"[worker-~diagnostic~-27a7260d-a5e3-47a2-9a0f-23c2584557f8]: IDLE"}}
[info] ✔  functions[getERPdatabase]: http function initialized (http://localhost:5001/tnt-erp/us-central1/getERPdatabase). {"metadata":{"emulator":{"name":"functions"},"message":"\u001b[1mhttp\u001b[22m function initialized (http://localhost:5001/tnt-erp/us-central1/getERPdatabase)."}}
[info] ✔  functions[updateRecord]: http function initialized (http://localhost:5001/tnt-erp/us-central1/updateRecord). {"metadata":{"emulator":{"name":"functions"},"message":"\u001b[1mhttp\u001b[22m function initialized (http://localhost:5001/tnt-erp/us-central1/updateRecord)."}}
[info] 
┌───────────────────────────────────────────────────────────────────────┐
│ ✔  All emulators ready! View status and logs at http://localhost:4000 │
└───────────────────────────────────────────────────────────────────────┘

┌───────────┬────────────────┬─────────────────────────────────┐
│ Emulator  │ Host:Port      │ View in Emulator UI             │
├───────────┼────────────────┼─────────────────────────────────┤
│ Functions │ localhost:5001 │ http://localhost:4000/functions │
├───────────┼────────────────┼─────────────────────────────────┤
│ Hosting   │ localhost:5000 │ n/a                             │
└───────────┴────────────────┴─────────────────────────────────┘
  Other reserved ports: 4400, 4500

Issues? Report them at https://github.com/firebase/firebase-tools/issues and attach the *-debug.log files.
 
