[debug] [2020-06-29T19:39:03.437Z] ----------------------------------------------------------------------
[debug] [2020-06-29T19:39:03.439Z] Command:       /usr/local/bin/firebase /Users/liuwenxuan/.cache/firebase/tools/lib/node_modules/firebase-tools/lib/bin/firebase emulators:start
[debug] [2020-06-29T19:39:03.439Z] CLI Version:   8.2.0
[debug] [2020-06-29T19:39:03.439Z] Platform:      darwin
[debug] [2020-06-29T19:39:03.439Z] Node Version:  v12.16.1
[debug] [2020-06-29T19:39:03.440Z] Time:          Mon Jun 29 2020 15:39:03 GMT-0400 (Eastern Daylight Time)
[debug] [2020-06-29T19:39:03.440Z] ----------------------------------------------------------------------
[debug] [2020-06-29T19:39:03.441Z] 
[debug] [2020-06-29T19:39:03.451Z] > command requires scopes: ["email","openid","https://www.googleapis.com/auth/cloudplatformprojects.readonly","https://www.googleapis.com/auth/firebase","https://www.googleapis.com/auth/cloud-platform"]
[debug] [2020-06-29T19:39:03.452Z] > authorizing via signed-in user
[info] i  emulators: Starting emulators: functions, hosting
[warn] ⚠  emulators: It seems that you are running multiple instances of the emulator suite for project tnt-erp. This may result in unexpected behavior.
[debug] [2020-06-29T19:39:03.482Z] [hub] writing locator at /var/folders/jb/9lggqr5x1sxcsz1q6sz7kbg80000gn/T/hub-tnt-erp.json
[info] ✔  hub: emulator hub started at http://localhost:4400
[warn] ⚠  Your requested "node" version "8" doesn't match your global version "12"
[info] ✔  functions: functions emulator started at http://localhost:5001
[debug] [2020-06-29T19:39:03.779Z] >>> HTTP REQUEST GET https://firebase.googleapis.com/v1beta1/projects/tnt-erp/webApps/-/config  
 
[debug] [2020-06-29T19:39:04.989Z] <<< HTTP RESPONSE 200 {"content-type":"application/json; charset=UTF-8","vary":"X-Origin, Referer, Origin,Accept-Encoding","date":"Mon, 29 Jun 2020 19:39:04 GMT","server":"ESF","cache-control":"private","x-xss-protection":"0","x-frame-options":"SAMEORIGIN","x-content-type-options":"nosniff","alt-svc":"h3-27=\":443\"; ma=2592000,h3-25=\":443\"; ma=2592000,h3-T050=\":443\"; ma=2592000,h3-Q050=\":443\"; ma=2592000,h3-Q046=\":443\"; ma=2592000,h3-Q043=\":443\"; ma=2592000,quic=\":443\"; ma=2592000; v=\"46,43\"","accept-ranges":"none","transfer-encoding":"chunked"}
[info] i  hosting: Serving hosting files from: build
[info] ✔  hosting: Local server: http://localhost:5000
[info] ✔  hosting: hosting emulator started at http://localhost:5000
[info] i  functions: Watching "/Users/liuwenxuan/Workspace/TnT-ERP/tnt-erp/functions" for Cloud Functions...
[debug] [2020-06-29T19:39:05.037Z] [worker-pool] addWorker(~diagnostic~) 
[debug] [2020-06-29T19:39:05.037Z] [worker-pool] Adding worker with key ~diagnostic~, total=1 
[debug] [2020-06-29T19:39:05.037Z] [worker-pool] submitWork(triggerId=) 
[debug] [2020-06-29T19:39:05.038Z] [worker-~diagnostic~-b37616eb-d80f-4368-984a-3dd8abc6bce3]: Assigning socketPath: /var/folders/jb/9lggqr5x1sxcsz1q6sz7kbg80000gn/T/fire_emu_80641.sock 
[debug] [2020-06-29T19:39:05.038Z] [worker-~diagnostic~-b37616eb-d80f-4368-984a-3dd8abc6bce3]: BUSY 
[debug] [2020-06-29T19:39:05.347Z] [runtime-status] [80641] Functions runtime initialized. {"cwd":"/Users/liuwenxuan/Workspace/TnT-ERP/tnt-erp/functions","node_version":"12.16.1"} 
[debug] [2020-06-29T19:39:05.348Z] [runtime-status] [80641] Disabled runtime features: undefined 
[debug] [2020-06-29T19:39:05.354Z] [runtime-status] [80641] Resolved module firebase-admin {"declared":true,"installed":true,"version":"8.12.1","resolution":"/Users/liuwenxuan/Workspace/TnT-ERP/tnt-erp/functions/node_modules/firebase-admin/lib/index.js"} 
[debug] [2020-06-29T19:39:05.356Z] [runtime-status] [80641] Resolved module firebase-functions {"declared":true,"installed":true,"version":"3.7.0","resolution":"/Users/liuwenxuan/Workspace/TnT-ERP/tnt-erp/functions/node_modules/firebase-functions/lib/index.js"} 
[debug] [2020-06-29T19:39:05.357Z] [runtime-status] [80641] Outgoing network have been stubbed. [{"name":"http","status":"mocked"},{"name":"http","status":"mocked"},{"name":"https","status":"mocked"},{"name":"https","status":"mocked"},{"name":"net","status":"mocked"}] 
[debug] [2020-06-29T19:39:05.447Z] [runtime-status] [80641] Checked functions.config() {"config":{}} 
[debug] [2020-06-29T19:39:05.449Z] [runtime-status] [80641] Error in handleMessage: {"frb":{"cwd":"/Users/liuwenxuan/Workspace/TnT-ERP/tnt-erp/functions","projectId":"tnt-erp","triggerId":"","emulators":{},"socketPath":"/var/folders/jb/9lggqr5x1sxcsz1q6sz7kbg80000gn/T/fire_emu_80641.sock"},"opts":{"nodeBinary":"/usr/local/bin/firebase"}} => TypeError: Cannot set property config of #<Object> which has only a getter: TypeError: Cannot set property config of #<Object> which has only a getter
    at /Users/liuwenxuan/.cache/firebase/tools/lib/node_modules/firebase-tools/lib/emulator/functionsEmulatorRuntime.js:455:19
    at Generator.next (<anonymous>)
    at fulfilled (/Users/liuwenxuan/.cache/firebase/tools/lib/node_modules/firebase-tools/lib/emulator/functionsEmulatorRuntime.js:5:58)
    at processTicksAndRejections (internal/process/task_queues.js:97:5) 
[warn] ⚠  functions: Cannot set property config of #<Object> which has only a getter
[warn] ⚠  Your function was killed because it raised an unhandled error.
[debug] [2020-06-29T19:39:05.459Z] [worker-~diagnostic~-b37616eb-d80f-4368-984a-3dd8abc6bce3]: exited 
[debug] [2020-06-29T19:39:05.460Z] [worker-~diagnostic~-b37616eb-d80f-4368-984a-3dd8abc6bce3]: FINISHED 
[debug] [2020-06-29T19:40:32.656Z] [work-queue] {"queueLength":1,"workRunningCount":0}
[debug] [2020-06-29T19:40:32.656Z] [work-queue] {"queueLength":0,"workRunningCount":1}
[debug] [2020-06-29T19:40:32.657Z] FirebaseError: No trigger with name getERPdatabase 
[debug] [2020-06-29T19:40:32.657Z] [work-queue] {"queueLength":0,"workRunningCount":0}
